<?xml version="1.0" encoding="UTF-8"?>
<!-- Generated by org.testng.reporters.JUnitXMLReporter -->
<testsuite ignored="0" hostname="DESKTOP-OCT0TNQ" failures="0" tests="9" name="Default test" time="7.308" errors="0" timestamp="2024-02-19T12:53:23 EET">
  <testcase classname="rest_assured.resttestcasess$JsonPlaceholderTest" name="testGetListOfPosts" time="3.57"/>
  <testcase classname="rest_assured.resttestcasess$JsonPlaceholderTest" name="testGetListOfUsers" time="0.273"/>
  <testcase classname="rest_assured.resttestcasess$JsonPlaceholderTest" name="testGetPostById" time="0.407"/>
  <testcase classname="rest_assured.resttestcasess$JsonPlaceholderTest" name="testGetSingleUser" time="0.383"/>
  <testcase classname="rest_assured.resttestcasess$JsonPlaceholderTest" name="testInvalidPostID" time="0.569"/>
  <testcase classname="rest_assured.resttestcasess$JsonPlaceholderTest" name="testInvalidUserID" time="0.6"/>
  <testcase classname="rest_assured.resttestcasess$JsonPlaceholderTest" name="testInvalidUserIDForPosts" time="0.63"/>
  <testcase classname="rest_assured.resttestcasess$JsonPlaceholderTest" name="testValidateNameUsernameEmailForUser" time="0.347"/>
  <testcase classname="rest_assured.resttestcasess$JsonPlaceholderTest" name="testValidatePostsForUser" time="0.391"/>
</testsuite> <!-- Default test -->
